{"total": {"lines":{"total":213,"covered":213,"skipped":0,"pct":100},"statements":{"total":294,"covered":294,"skipped":0,"pct":100},"functions":{"total":122,"covered":122,"skipped":0,"pct":100},"branches":{"total":168,"covered":162,"skipped":0,"pct":96.42},"branchesTrue":{"total":0,"covered":0,"skipped":0,"pct":100}}
,"submissions/tunt01102/automation/src/api/client.ts": {"lines":{"total":68,"covered":68,"skipped":0,"pct":100},"functions":{"total":40,"covered":40,"skipped":0,"pct":100},"statements":{"total":101,"covered":101,"skipped":0,"pct":100},"branches":{"total":40,"covered":38,"skipped":0,"pct":95}}
,"submissions/tunt01102/automation/src/data/factory.ts": {"lines":{"total":12,"covered":12,"skipped":0,"pct":100},"functions":{"total":3,"covered":3,"skipped":0,"pct":100},"statements":{"total":14,"covered":14,"skipped":0,"pct":100},"branches":{"total":11,"covered":11,"skipped":0,"pct":100}}
,"submissions/tunt01102/automation/src/report/aggregate.ts": {"lines":{"total":56,"covered":56,"skipped":0,"pct":100},"functions":{"total":33,"covered":33,"skipped":0,"pct":100},"statements":{"total":82,"covered":82,"skipped":0,"pct":100},"branches":{"total":69,"covered":65,"skipped":0,"pct":94.2}}
,"submissions/tunt01102/automation/src/report/runId.ts": {"lines":{"total":14,"covered":14,"skipped":0,"pct":100},"functions":{"total":8,"covered":8,"skipped":0,"pct":100},"statements":{"total":20,"covered":20,"skipped":0,"pct":100},"branches":{"total":14,"covered":14,"skipped":0,"pct":100}}
,"submissions/tunt01102/automation/src/spec/listing.ts": {"lines":{"total":29,"covered":29,"skipped":0,"pct":100},"functions":{"total":20,"covered":20,"skipped":0,"pct":100},"statements":{"total":38,"covered":38,"skipped":0,"pct":100},"branches":{"total":13,"covered":13,"skipped":0,"pct":100}}
,"submissions/tunt01102/automation/src/spec/pricing.ts": {"lines":{"total":23,"covered":23,"skipped":0,"pct":100},"functions":{"total":9,"covered":9,"skipped":0,"pct":100},"statements":{"total":27,"covered":27,"skipped":0,"pct":100},"branches":{"total":8,"covered":8,"skipped":0,"pct":100}}
,"submissions/tunt01102/automation/src/spec/validators.ts": {"lines":{"total":11,"covered":11,"skipped":0,"pct":100},"functions":{"total":9,"covered":9,"skipped":0,"pct":100},"statements":{"total":12,"covered":12,"skipped":0,"pct":100},"branches":{"total":13,"covered":13,"skipped":0,"pct":100}}
}
