{"total": {"lines":{"total":308,"covered":303,"skipped":0,"pct":98.37},"statements":{"total":465,"covered":445,"skipped":0,"pct":95.69},"functions":{"total":169,"covered":162,"skipped":0,"pct":95.85},"branches":{"total":310,"covered":286,"skipped":0,"pct":92.25},"branchesTrue":{"total":0,"covered":0,"skipped":0,"pct":100}}
,"submissions/tunt01102/automation/src/config.ts": {"lines":{"total":4,"covered":4,"skipped":0,"pct":100},"functions":{"total":1,"covered":1,"skipped":0,"pct":100},"statements":{"total":5,"covered":5,"skipped":0,"pct":100},"branches":{"total":15,"covered":15,"skipped":0,"pct":100}}
,"submissions/tunt01102/automation/src/projects.ts": {"lines":{"total":5,"covered":0,"skipped":0,"pct":0},"functions":{"total":6,"covered":0,"skipped":0,"pct":0},"statements":{"total":11,"covered":0,"skipped":0,"pct":0},"branches":{"total":2,"covered":0,"skipped":0,"pct":0}}
,"submissions/tunt01102/automation/src/api/client.ts": {"lines":{"total":67,"covered":67,"skipped":0,"pct":100},"functions":{"total":40,"covered":40,"skipped":0,"pct":100},"statements":{"total":100,"covered":100,"skipped":0,"pct":100},"branches":{"total":38,"covered":37,"skipped":0,"pct":97.36}}
,"submissions/tunt01102/automation/src/data/factory.ts": {"lines":{"total":11,"covered":11,"skipped":0,"pct":100},"functions":{"total":4,"covered":3,"skipped":0,"pct":75},"statements":{"total":14,"covered":13,"skipped":0,"pct":92.85},"branches":{"total":11,"covered":11,"skipped":0,"pct":100}}
,"submissions/tunt01102/automation/src/data/world.ts": {"lines":{"total":19,"covered":19,"skipped":0,"pct":100},"functions":{"total":10,"covered":10,"skipped":0,"pct":100},"statements":{"total":28,"covered":28,"skipped":0,"pct":100},"branches":{"total":16,"covered":16,"skipped":0,"pct":100}}
,"submissions/tunt01102/automation/src/report/aggregate.ts": {"lines":{"total":62,"covered":62,"skipped":0,"pct":100},"functions":{"total":38,"covered":38,"skipped":0,"pct":100},"statements":{"total":92,"covered":92,"skipped":0,"pct":100},"branches":{"total":79,"covered":74,"skipped":0,"pct":93.67}}
,"submissions/tunt01102/automation/src/report/runId.ts": {"lines":{"total":17,"covered":17,"skipped":0,"pct":100},"functions":{"total":10,"covered":10,"skipped":0,"pct":100},"statements":{"total":22,"covered":22,"skipped":0,"pct":100},"branches":{"total":18,"covered":18,"skipped":0,"pct":100}}
,"submissions/tunt01102/automation/src/spec/catalogue.ts": {"lines":{"total":58,"covered":58,"skipped":0,"pct":100},"functions":{"total":19,"covered":19,"skipped":0,"pct":100},"statements":{"total":112,"covered":104,"skipped":0,"pct":92.85},"branches":{"total":97,"covered":81,"skipped":0,"pct":83.5}}
,"submissions/tunt01102/automation/src/spec/ids.ts": {"lines":{"total":2,"covered":2,"skipped":0,"pct":100},"functions":{"total":3,"covered":3,"skipped":0,"pct":100},"statements":{"total":4,"covered":4,"skipped":0,"pct":100},"branches":{"total":0,"covered":0,"skipped":0,"pct":100}}
,"submissions/tunt01102/automation/src/spec/listing.ts": {"lines":{"total":29,"covered":29,"skipped":0,"pct":100},"functions":{"total":20,"covered":20,"skipped":0,"pct":100},"statements":{"total":38,"covered":38,"skipped":0,"pct":100},"branches":{"total":13,"covered":13,"skipped":0,"pct":100}}
,"submissions/tunt01102/automation/src/spec/pricing.ts": {"lines":{"total":23,"covered":23,"skipped":0,"pct":100},"functions":{"total":9,"covered":9,"skipped":0,"pct":100},"statements":{"total":27,"covered":27,"skipped":0,"pct":100},"branches":{"total":8,"covered":8,"skipped":0,"pct":100}}
,"submissions/tunt01102/automation/src/spec/validators.ts": {"lines":{"total":11,"covered":11,"skipped":0,"pct":100},"functions":{"total":9,"covered":9,"skipped":0,"pct":100},"statements":{"total":12,"covered":12,"skipped":0,"pct":100},"branches":{"total":13,"covered":13,"skipped":0,"pct":100}}
}
