{"total": {"lines":{"total":300,"covered":300,"skipped":0,"pct":100},"statements":{"total":447,"covered":438,"skipped":0,"pct":97.98},"functions":{"total":158,"covered":157,"skipped":0,"pct":99.36},"branches":{"total":299,"covered":277,"skipped":0,"pct":92.64},"branchesTrue":{"total":0,"covered":0,"skipped":0,"pct":100}}
,"submissions/tunt01102/automation/src/config.ts": {"lines":{"total":4,"covered":4,"skipped":0,"pct":100},"functions":{"total":1,"covered":1,"skipped":0,"pct":100},"statements":{"total":5,"covered":5,"skipped":0,"pct":100},"branches":{"total":15,"covered":15,"skipped":0,"pct":100}}
,"submissions/tunt01102/automation/src/api/client.ts": {"lines":{"total":67,"covered":67,"skipped":0,"pct":100},"functions":{"total":40,"covered":40,"skipped":0,"pct":100},"statements":{"total":100,"covered":100,"skipped":0,"pct":100},"branches":{"total":38,"covered":37,"skipped":0,"pct":97.36}}
,"submissions/tunt01102/automation/src/data/factory.ts": {"lines":{"total":12,"covered":12,"skipped":0,"pct":100},"functions":{"total":4,"covered":3,"skipped":0,"pct":75},"statements":{"total":15,"covered":14,"skipped":0,"pct":93.33},"branches":{"total":11,"covered":11,"skipped":0,"pct":100}}
,"submissions/tunt01102/automation/src/data/world.ts": {"lines":{"total":19,"covered":19,"skipped":0,"pct":100},"functions":{"total":10,"covered":10,"skipped":0,"pct":100},"statements":{"total":28,"covered":28,"skipped":0,"pct":100},"branches":{"total":16,"covered":16,"skipped":0,"pct":100}}
,"submissions/tunt01102/automation/src/report/aggregate.ts": {"lines":{"total":62,"covered":62,"skipped":0,"pct":100},"functions":{"total":38,"covered":38,"skipped":0,"pct":100},"statements":{"total":92,"covered":92,"skipped":0,"pct":100},"branches":{"total":79,"covered":74,"skipped":0,"pct":93.67}}
,"submissions/tunt01102/automation/src/report/runId.ts": {"lines":{"total":17,"covered":17,"skipped":0,"pct":100},"functions":{"total":10,"covered":10,"skipped":0,"pct":100},"statements":{"total":22,"covered":22,"skipped":0,"pct":100},"branches":{"total":18,"covered":18,"skipped":0,"pct":100}}
,"submissions/tunt01102/automation/src/spec/catalogue.ts": {"lines":{"total":56,"covered":56,"skipped":0,"pct":100},"functions":{"total":17,"covered":17,"skipped":0,"pct":100},"statements":{"total":108,"covered":100,"skipped":0,"pct":92.59},"branches":{"total":88,"covered":72,"skipped":0,"pct":81.81}}
,"submissions/tunt01102/automation/src/spec/listing.ts": {"lines":{"total":29,"covered":29,"skipped":0,"pct":100},"functions":{"total":20,"covered":20,"skipped":0,"pct":100},"statements":{"total":38,"covered":38,"skipped":0,"pct":100},"branches":{"total":13,"covered":13,"skipped":0,"pct":100}}
,"submissions/tunt01102/automation/src/spec/pricing.ts": {"lines":{"total":23,"covered":23,"skipped":0,"pct":100},"functions":{"total":9,"covered":9,"skipped":0,"pct":100},"statements":{"total":27,"covered":27,"skipped":0,"pct":100},"branches":{"total":8,"covered":8,"skipped":0,"pct":100}}
,"submissions/tunt01102/automation/src/spec/validators.ts": {"lines":{"total":11,"covered":11,"skipped":0,"pct":100},"functions":{"total":9,"covered":9,"skipped":0,"pct":100},"statements":{"total":12,"covered":12,"skipped":0,"pct":100},"branches":{"total":13,"covered":13,"skipped":0,"pct":100}}
}
